09:56:39,591 spam_application INFO -- None
09:58:56,846 spam_application WARNING -- Invalid --plot argument passed: l
09:59:25,167 root WARNING -- Invalid --plot argument passed: l
09:17:30,414 root WARNING -- Invalid --plot argument passed: distance
09:17:40,265 root INFO -- --------  SIMULATION STARTING  --------
09:17:41,456 root INFO -- Displaying simulation information
09:17:41,456 root INFO -- Displaying detector information
09:17:41,457 root INFO -- Displaying instrument information
09:17:41,457 root INFO -- Displaying strategy information
09:17:41,457 root WARNING -- Calculating time array, might take a while...
09:17:48,245 root WARNING -- Calculating angles Sun-Earth, might take a while...
09:18:10,65 root WARNING -- Calculating jupiter positions over time, might take a long while...
09:18:10,738 root INFO -- Simulation completed!
09:23:37,201 root INFO -- --------  SIMULATION STARTING  --------
09:23:38,396 root INFO -- Displaying simulation information
09:23:38,396 root INFO -- Displaying detector information
09:23:38,397 root INFO -- Displaying instrument information
09:23:38,397 root INFO -- Displaying strategy information
09:23:38,397 root WARNING -- Calculating time array, might take a while...
09:23:45,190 root WARNING -- Calculating angles Sun-Earth, might take a while...
09:24:06,898 root WARNING -- Calculating jupiter positions over time, might take a long while...
09:24:07,573 root INFO -- Simulation completed!
09:27:05,668 root INFO -- --------  SIMULATION STARTING  --------
09:27:06,742 root INFO -- Displaying simulation information
09:27:06,742 root INFO -- Displaying detector information
09:27:06,743 root INFO -- Displaying instrument information
09:27:06,743 root INFO -- Displaying strategy information
09:27:06,744 root WARNING -- Calculating time array, might take a while...
09:27:27,247 root WARNING -- Calculating angles Sun-Earth, might take a while...
09:28:32,292 root WARNING -- Calculating jupiter positions over time, might take a long while...
09:28:33,81 root INFO -- Simulation completed!
09:31:39,430 root INFO -- --------  SIMULATION STARTING  --------
09:31:40,511 root INFO -- Displaying simulation information
09:31:40,511 root INFO -- Displaying detector information
09:31:40,511 root INFO -- Displaying instrument information
09:31:40,511 root INFO -- Displaying strategy information
09:31:40,512 root WARNING -- Calculating time array, might take a while...
09:32:01,181 root WARNING -- Calculating angles Sun-Earth, might take a while...
09:33:06,358 root WARNING -- Calculating jupiter positions over time, might take a long while...
09:33:07,183 root INFO -- Simulation completed!
09:41:50,400 root INFO -- --------  SIMULATION STARTING  --------
09:41:51,502 root INFO -- Displaying simulation information
09:41:51,502 root INFO -- Displaying detector information
09:41:51,503 root INFO -- Displaying instrument information
09:41:51,503 root INFO -- Displaying strategy information
09:41:51,503 root WARNING -- Calculating time array, might take a while...
09:42:18,592 root INFO -- --------  SIMULATION STARTING  --------
09:42:41,283 root INFO -- --------  SIMULATION STARTING  --------
10:12:16,374 root INFO -- --------  SIMULATION STARTING  --------
10:12:40,637 root INFO -- --------  SIMULATION STARTING  --------
10:12:41,727 root INFO -- Displaying simulation information
10:12:41,727 root INFO -- Displaying detector information
10:12:41,728 root INFO -- Displaying instrument information
10:12:41,728 root INFO -- Displaying strategy information
10:12:41,728 root WARNING -- Calculating time array, might take a while...
10:13:04,31 root WARNING -- Calculating angles Sun-Earth, might take a while...
10:13:27,813 root INFO -- --------  SIMULATION STARTING  --------
10:13:28,894 root INFO -- Displaying simulation information
10:13:28,894 root INFO -- Displaying detector information
10:13:28,894 root INFO -- Displaying instrument information
10:13:28,895 root INFO -- Displaying strategy information
10:13:28,895 root WARNING -- Calculating time array, might take a while...
10:23:51,991 root INFO -- --------  SIMULATION STARTING  --------
10:25:03,832 root INFO -- --------  SIMULATION STARTING  --------
10:25:05,25 root INFO -- Displaying simulation information
10:25:05,26 root INFO -- Displaying detector information
10:25:05,26 root INFO -- Displaying instrument information
10:25:05,26 root INFO -- Displaying strategy information
10:25:05,27 root WARNING -- Calculating time array, might take a while...
10:25:25,615 root WARNING -- Calculating angles Sun-Earth, might take a while...
10:26:30,854 root WARNING -- Calculating jupiter positions over time, might take a long while...
10:26:31,846 root INFO -- Simulation completed!
10:38:21,1 root INFO -- --------  SIMULATION STARTING  --------
10:51:51,464 root INFO -- --------  SIMULATION STARTING  --------
10:51:52,835 root INFO -- Displaying simulation information
10:51:52,835 root INFO -- Displaying detector information
10:51:52,836 root INFO -- Displaying instrument information
10:51:52,836 root INFO -- Displaying strategy information
10:51:52,836 root WARNING -- Calculating time array, might take a while...
10:52:17,226 root WARNING -- Calculating angles Sun-Earth, might take a while...
10:53:26,634 root WARNING -- Calculating jupiter positions over time, might take a long while...
10:53:27,558 root INFO -- Simulation completed!
10:55:08,977 root INFO -- --------  SIMULATION STARTING  --------
10:55:10,146 root INFO -- Displaying simulation information
10:55:10,146 root INFO -- Displaying detector information
10:55:10,147 root INFO -- Displaying instrument information
10:55:10,147 root INFO -- Displaying strategy information
10:55:10,147 root WARNING -- Calculating time array, might take a while...
10:55:30,649 root WARNING -- Calculating angles Sun-Earth, might take a while...
10:56:35,639 root WARNING -- Calculating jupiter positions over time, might take a long while...
10:56:36,609 root INFO -- Simulation completed!
11:00:30,71 root INFO -- --------  SIMULATION STARTING  --------
11:00:31,149 root INFO -- Displaying simulation information
11:00:31,150 root INFO -- Displaying detector information
11:00:31,150 root INFO -- Displaying instrument information
11:00:31,150 root INFO -- Displaying strategy information
11:00:31,151 root WARNING -- Calculating time array, might take a while...
11:00:51,703 root WARNING -- Calculating angles Sun-Earth, might take a while...
11:02:01,590 root WARNING -- Calculating jupiter positions over time, might take a long while...
11:02:02,557 root INFO -- Simulation completed!
11:02:48,236 root INFO -- --------  SIMULATION STARTING  --------
11:02:49,303 root INFO -- Displaying simulation information
11:02:49,304 root INFO -- Displaying detector information
11:02:49,304 root INFO -- Displaying instrument information
11:02:49,305 root INFO -- Displaying strategy information
11:02:49,305 root WARNING -- Calculating time array, might take a while...
11:03:23,948 root INFO -- --------  SIMULATION STARTING  --------
11:03:25,25 root INFO -- Displaying simulation information
11:03:25,25 root INFO -- Displaying detector information
11:03:25,26 root INFO -- Displaying instrument information
11:03:25,26 root INFO -- Displaying strategy information
11:03:25,26 root WARNING -- Calculating time array, might take a while...
11:03:31,871 root WARNING -- Calculating angles Sun-Earth, might take a while...
11:03:53,749 root WARNING -- Calculating jupiter positions over time, might take a long while...
11:03:54,484 root INFO -- Simulation completed!
11:19:18,792 root INFO -- --------  SIMULATION STARTING  --------
11:19:19,871 root INFO -- Displaying simulation information
11:19:19,871 root INFO -- Displaying detector information
11:19:19,872 root INFO -- Displaying instrument information
11:19:19,872 root INFO -- Displaying strategy information
11:19:19,872 root WARNING -- Calculating time array, might take a while...
11:19:26,730 root WARNING -- Calculating angles Sun-Earth, might take a while...
11:19:48,987 root WARNING -- Calculating jupiter positions over time, might take a long while...
11:19:49,725 root INFO -- Simulation completed!
11:20:53,762 root INFO -- --------  SIMULATION STARTING  --------
11:20:54,848 root INFO -- Displaying simulation information
11:20:54,848 root INFO -- Displaying detector information
11:20:54,849 root INFO -- Displaying instrument information
11:20:54,849 root INFO -- Displaying strategy information
11:20:54,849 root WARNING -- Calculating time array, might take a while...
11:21:01,718 root WARNING -- Calculating angles Sun-Earth, might take a while...
11:21:23,931 root WARNING -- Calculating jupiter positions over time, might take a long while...
11:21:24,675 root INFO -- Simulation completed!
11:21:53,843 root INFO -- --------  SIMULATION STARTING  --------
11:21:54,911 root INFO -- Displaying simulation information
11:21:54,912 root INFO -- Displaying detector information
11:21:54,912 root INFO -- Displaying instrument information
11:21:54,912 root INFO -- Displaying strategy information
11:21:54,913 root WARNING -- Calculating time array, might take a while...
11:22:01,794 root WARNING -- Calculating angles Sun-Earth, might take a while...
11:22:23,611 root WARNING -- Calculating jupiter positions over time, might take a long while...
11:22:24,344 root INFO -- Simulation completed!
11:22:39,673 root INFO -- --------  SIMULATION STARTING  --------
11:22:40,745 root INFO -- Displaying simulation information
11:22:40,745 root INFO -- Displaying detector information
11:22:40,745 root INFO -- Displaying instrument information
11:22:40,746 root INFO -- Displaying strategy information
11:22:40,746 root WARNING -- Calculating time array, might take a while...
11:22:47,623 root WARNING -- Calculating angles Sun-Earth, might take a while...
11:23:09,490 root WARNING -- Calculating jupiter positions over time, might take a long while...
11:23:10,224 root INFO -- Simulation completed!
11:25:06,864 root INFO -- --------  SIMULATION STARTING  --------
11:25:07,928 root INFO -- Displaying simulation information
11:25:07,929 root INFO -- Displaying detector information
11:25:07,929 root INFO -- Displaying instrument information
11:25:07,929 root INFO -- Displaying strategy information
11:25:07,929 root WARNING -- Calculating time array, might take a while...
11:25:14,774 root WARNING -- Calculating angles Sun-Earth, might take a while...
11:25:36,568 root WARNING -- Calculating jupiter positions over time, might take a long while...
11:25:37,299 root INFO -- Simulation completed!
15:03:18,458 root INFO -- --------  SIMULATION STARTING  --------
15:03:19,704 root INFO -- Displaying simulation information
15:03:19,705 root INFO -- Displaying detector information
15:03:19,705 root INFO -- Displaying instrument information
15:03:19,705 root INFO -- Displaying strategy information
15:03:19,706 root WARNING -- Calculating time array, might take a while...
15:03:26,557 root WARNING -- Calculating angles Sun-Earth, might take a while...
15:03:48,894 root WARNING -- Calculating jupiter positions over time, might take a long while...
15:03:49,786 root INFO -- Simulation completed!
15:04:16,853 root INFO -- --------  SIMULATION STARTING  --------
15:04:18,33 root INFO -- Displaying simulation information
15:04:18,33 root INFO -- Displaying detector information
15:04:18,33 root INFO -- Displaying instrument information
15:04:18,34 root INFO -- Displaying strategy information
15:04:18,34 root WARNING -- Calculating time array, might take a while...
15:04:24,880 root WARNING -- Calculating angles Sun-Earth, might take a while...
15:04:47,668 root WARNING -- Calculating jupiter positions over time, might take a long while...
15:04:48,394 root INFO -- Simulation completed!
15:05:12,361 root INFO -- --------  SIMULATION STARTING  --------
15:05:13,464 root INFO -- Displaying simulation information
15:05:13,464 root INFO -- Displaying detector information
15:05:13,464 root INFO -- Displaying instrument information
15:05:13,465 root INFO -- Displaying strategy information
15:05:13,465 root WARNING -- Calculating time array, might take a while...
15:05:20,318 root WARNING -- Calculating angles Sun-Earth, might take a while...
15:05:42,191 root WARNING -- Calculating jupiter positions over time, might take a long while...
15:05:42,922 root INFO -- Simulation completed!
15:10:01,149 root INFO -- --------  SIMULATION STARTING  --------
15:10:02,359 root INFO -- Displaying simulation information
15:10:02,359 root INFO -- Displaying detector information
15:10:02,360 root INFO -- Displaying instrument information
15:10:02,360 root INFO -- Displaying strategy information
15:10:02,361 root WARNING -- Calculating time array, might take a while...
15:10:09,356 root WARNING -- Calculating angles Sun-Earth, might take a while...
15:10:34,157 root WARNING -- Calculating jupiter positions over time, might take a long while...
15:10:34,955 root INFO -- Simulation completed!
15:11:47,617 root INFO -- --------  SIMULATION STARTING  --------
15:11:48,813 root INFO -- Displaying simulation information
15:11:48,814 root INFO -- Displaying detector information
15:11:48,815 root INFO -- Displaying instrument information
15:11:48,815 root INFO -- Displaying strategy information
15:11:48,816 root WARNING -- Calculating time array, might take a while...
15:11:55,680 root WARNING -- Calculating angles Sun-Earth, might take a while...
15:12:17,719 root WARNING -- Calculating jupiter positions over time, might take a long while...
15:12:18,477 root INFO -- Simulation completed!
15:13:39,894 root INFO -- --------  SIMULATION STARTING  --------
15:13:41,404 root INFO -- Displaying simulation information
15:13:41,404 root INFO -- Displaying detector information
15:13:41,405 root INFO -- Displaying instrument information
15:13:41,405 root INFO -- Displaying strategy information
15:13:41,405 root INFO -- Displaying observation information
15:13:41,405 root WARNING -- Calculating time array, might take a while...
15:13:49,157 root WARNING -- Calculating angles Sun-Earth, might take a while...
15:14:13,699 root WARNING -- Calculating jupiter positions over time, might take a long while...
15:14:14,529 root INFO -- Simulation completed!
15:14:55,749 root INFO -- --------  SIMULATION STARTING  --------
15:14:56,934 root INFO -- Displaying simulation information
15:14:56,935 root INFO -- Displaying detector information
15:14:56,935 root INFO -- Displaying instrument information
15:14:56,935 root INFO -- Displaying strategy information
15:14:56,936 root INFO -- Displaying observation information
15:14:56,945 root WARNING -- Calculating time array, might take a while...
15:18:03,20 root INFO -- --------  SIMULATION STARTING  --------
15:24:26,12 root INFO -- --------  SIMULATION STARTING  --------
15:24:27,127 root INFO -- Displaying simulation information
15:24:27,127 root INFO -- Displaying detector information
15:24:27,127 root INFO -- Displaying instrument information
15:24:27,128 root INFO -- Displaying strategy information
15:24:27,128 root INFO -- Displaying observation information
15:24:27,128 root WARNING -- Calculating time array, might take a while...
15:24:34,886 root WARNING -- Calculating angles Sun-Earth, might take a while...
15:24:58,228 root WARNING -- Calculating jupiter positions over time, might take a long while...
15:24:59,2 root INFO -- Simulation completed!
